13:59:26 **** Build of configuration Release for project BLE_Sensor ****
make -j16 all 
arm-none-eabi-gcc -o "BLE_Sensor.elf" @"objects.list"   -mcpu=cortex-m4 -T"C:\Users\niran.asokan\STM32Cube\Repository\STM32Cube_FW_WB_V1.16.0\Projects\STM32WB5MM-DK\Applications\BLE\BLE_Sensor\STM32CubeIDE\STM32WB5MMGHX_FLASH.ld" --specs=nosys.specs -Wl,-Map="BLE_Sensor.map" -Wl,--gc-sections -static --specs=nano.specs -mfpu=fpv4-sp-d16 -mfloat-abi=hard -mthumb -u _printf_float -Wl,--start-group -lc -lm -Wl,--end-group
c:\st\stm32cubeide_1.12.1\stm32cubeide\plugins\com.st.stm32cube.ide.mcu.externaltools.gnu-tools-for-stm32.10.3-2021.10.win32_1.0.200.202301161003\tools\arm-none-eabi\bin\ld.exe: ./Application/User/Core/syscalls.o: in function `initialise_monitor_handles':
syscalls.c:(.text.initialise_monitor_handles+0x0): multiple definition of `initialise_monitor_handles'; ./Application/User/Core/User/Core/syscalls.o:syscalls.c:(.text.initialise_monitor_handles+0x0): first defined here
c:\st\stm32cubeide_1.12.1\stm32cubeide\plugins\com.st.stm32cube.ide.mcu.externaltools.gnu-tools-for-stm32.10.3-2021.10.win32_1.0.200.202301161003\tools\arm-none-eabi\bin\ld.exe: ./Application/User/Core/syscalls.o: in function `_getpid':
syscalls.c:(.text._getpid+0x0): multiple definition of `_getpid'; ./Application/User/Core/User/Core/syscalls.o:syscalls.c:(.text._getpid+0x0): first defined here
c:\st\stm32cubeide_1.12.1\stm32cubeide\plugins\com.st.stm32cube.ide.mcu.externaltools.gnu-tools-for-stm32.10.3-2021.10.win32_1.0.200.202301161003\tools\arm-none-eabi\bin\ld.exe: ./Application/User/Core/syscalls.o: in function `_kill':
syscalls.c:(.text._kill+0x0): multiple definition of `_kill'; ./Application/User/Core/User/Core/syscalls.o:syscalls.c:(.text._kill+0x0): first defined here
c:\st\stm32cubeide_1.12.1\stm32cubeide\plugins\com.st.stm32cube.ide.mcu.externaltools.gnu-tools-for-stm32.10.3-2021.10.win32_1.0.200.202301161003\tools\arm-none-eabi\bin\ld.exe: ./Application/User/Core/syscalls.o: in function `_exit':
syscalls.c:(.text._exit+0x0): multiple definition of `_exit'; ./Application/User/Core/User/Core/syscalls.o:syscalls.c:(.text._exit+0x0): first defined here
c:\st\stm32cubeide_1.12.1\stm32cubeide\plugins\com.st.stm32cube.ide.mcu.externaltools.gnu-tools-for-stm32.10.3-2021.10.win32_1.0.200.202301161003\tools\arm-none-eabi\bin\ld.exe: ./Application/User/Core/syscalls.o: in function `_close':
syscalls.c:(.text._close+0x0): multiple definition of `_close'; ./Application/User/Core/User/Core/syscalls.o:syscalls.c:(.text._close+0x0): first defined here
c:\st\stm32cubeide_1.12.1\stm32cubeide\plugins\com.st.stm32cube.ide.mcu.externaltools.gnu-tools-for-stm32.10.3-2021.10.win32_1.0.200.202301161003\tools\arm-none-eabi\bin\ld.exe: ./Application/User/Core/syscalls.o: in function `_fstat':
syscalls.c:(.text._fstat+0x0): multiple definition of `_fstat'; ./Application/User/Core/User/Core/syscalls.o:syscalls.c:(.text._fstat+0x0): first defined here
c:\st\stm32cubeide_1.12.1\stm32cubeide\plugins\com.st.stm32cube.ide.mcu.externaltools.gnu-tools-for-stm32.10.3-2021.10.win32_1.0.200.202301161003\tools\arm-none-eabi\bin\ld.exe: ./Application/User/Core/syscalls.o: in function `_isatty':
syscalls.c:(.text._isatty+0x0): multiple definition of `_isatty'; ./Application/User/Core/User/Core/syscalls.o:syscalls.c:(.text._isatty+0x0): first defined here
c:\st\stm32cubeide_1.12.1\stm32cubeide\plugins\com.st.stm32cube.ide.mcu.externaltools.gnu-tools-for-stm32.10.3-2021.10.win32_1.0.200.202301161003\tools\arm-none-eabi\bin\ld.exe: ./Application/User/Core/syscalls.o: in function `_lseek':
syscalls.c:(.text._lseek+0x0): multiple definition of `_lseek'; ./Application/User/Core/User/Core/syscalls.o:syscalls.c:(.text._lseek+0x0): first defined here
c:\st\stm32cubeide_1.12.1\stm32cubeide\plugins\com.st.stm32cube.ide.mcu.externaltools.gnu-tools-for-stm32.10.3-2021.10.win32_1.0.200.202301161003\tools\arm-none-eabi\bin\ld.exe: ./Application/User/Core/syscalls.o: in function `_open':
syscalls.c:(.text._open+0x0): multiple definition of `_open'; ./Application/User/Core/User/Core/syscalls.o:syscalls.c:(.text._open+0x0): first defined here
c:\st\stm32cubeide_1.12.1\stm32cubeide\plugins\com.st.stm32cube.ide.mcu.externaltools.gnu-tools-for-stm32.10.3-2021.10.win32_1.0.200.202301161003\tools\arm-none-eabi\bin\ld.exe: ./Application/User/Core/syscalls.o: in function `_wait':
syscalls.c:(.text._wait+0x0): multiple definition of `_wait'; ./Application/User/Core/User/Core/syscalls.o:syscalls.c:(.text._wait+0x0): first defined here
c:\st\stm32cubeide_1.12.1\stm32cubeide\plugins\com.st.stm32cube.ide.mcu.externaltools.gnu-tools-for-stm32.10.3-2021.10.win32_1.0.200.202301161003\tools\arm-none-eabi\bin\ld.exe: ./Application/User/Core/syscalls.o: in function `_unlink':
syscalls.c:(.text._unlink+0x0): multiple definition of `_unlink'; ./Application/User/Core/User/Core/syscalls.o:syscalls.c:(.text._unlink+0x0): first defined here
c:\st\stm32cubeide_1.12.1\stm32cubeide\plugins\com.st.stm32cube.ide.mcu.externaltools.gnu-tools-for-stm32.10.3-2021.10.win32_1.0.200.202301161003\tools\arm-none-eabi\bin\ld.exe: ./Application/User/Core/syscalls.o: in function `_times':
syscalls.c:(.text._times+0x0): multiple definition of `_times'; ./Application/User/Core/User/Core/syscalls.o:syscalls.c:(.text._times+0x0): first defined here
c:\st\stm32cubeide_1.12.1\stm32cubeide\plugins\com.st.stm32cube.ide.mcu.externaltools.gnu-tools-for-stm32.10.3-2021.10.win32_1.0.200.202301161003\tools\arm-none-eabi\bin\ld.exe: ./Application/User/Core/syscalls.o: in function `_stat':
syscalls.c:(.text._stat+0x0): multiple definition of `_stat'; ./Application/User/Core/User/Core/syscalls.o:syscalls.c:(.text._stat+0x0): first defined here
c:\st\stm32cubeide_1.12.1\stm32cubeide\plugins\com.st.stm32cube.ide.mcu.externaltools.gnu-tools-for-stm32.10.3-2021.10.win32_1.0.200.202301161003\tools\arm-none-eabi\bin\ld.exe: ./Application/User/Core/syscalls.o: in function `_link':
syscalls.c:(.text._link+0x0): multiple definition of `_link'; ./Application/User/Core/User/Core/syscalls.o:syscalls.c:(.text._link+0x0): first defined here
c:\st\stm32cubeide_1.12.1\stm32cubeide\plugins\com.st.stm32cube.ide.mcu.externaltools.gnu-tools-for-stm32.10.3-2021.10.win32_1.0.200.202301161003\tools\arm-none-eabi\bin\ld.exe: ./Application/User/Core/syscalls.o: in function `_fork':
syscalls.c:(.text._fork+0x0): multiple definition of `_fork'; ./Application/User/Core/User/Core/syscalls.o:syscalls.c:(.text._fork+0x0): first defined here
c:\st\stm32cubeide_1.12.1\stm32cubeide\plugins\com.st.stm32cube.ide.mcu.externaltools.gnu-tools-for-stm32.10.3-2021.10.win32_1.0.200.202301161003\tools\arm-none-eabi\bin\ld.exe: ./Application/User/Core/syscalls.o: in function `_execve':
syscalls.c:(.text._execve+0x0): multiple definition of `_execve'; ./Application/User/Core/User/Core/syscalls.o:syscalls.c:(.text._execve+0x0): first defined here
c:\st\stm32cubeide_1.12.1\stm32cubeide\plugins\com.st.stm32cube.ide.mcu.externaltools.gnu-tools-for-stm32.10.3-2021.10.win32_1.0.200.202301161003\tools\arm-none-eabi\bin\ld.exe: ./Application/User/Core/syscalls.o:(.data.environ+0x0): multiple definition of `environ'; ./Application/User/Core/User/Core/syscalls.o:(.data.environ+0x0): first defined here
c:\st\stm32cubeide_1.12.1\stm32cubeide\plugins\com.st.stm32cube.ide.mcu.externaltools.gnu-tools-for-stm32.10.3-2021.10.win32_1.0.200.202301161003\tools\arm-none-eabi\bin\ld.exe: ./Application/User/Core/syscalls.o:(.bss.__env+0x0): multiple definition of `__env'; ./Application/User/Core/User/Core/syscalls.o:(.bss.__env+0x0): first defined here
c:\st\stm32cubeide_1.12.1\stm32cubeide\plugins\com.st.stm32cube.ide.mcu.externaltools.gnu-tools-for-stm32.10.3-2021.10.win32_1.0.200.202301161003\tools\arm-none-eabi\bin\ld.exe: ./Application/User/Core/sysmem.o: in function `_sbrk':
sysmem.c:(.text._sbrk+0x0): multiple definition of `_sbrk'; ./Application/User/Core/User/Core/sysmem.o:sysmem.c:(.text._sbrk+0x0): first defined here
c:\st\stm32cubeide_1.12.1\stm32cubeide\plugins\com.st.stm32cube.ide.mcu.externaltools.gnu-tools-for-stm32.10.3-2021.10.win32_1.0.200.202301161003\tools\arm-none-eabi\bin\ld.exe: ./Middlewares/STM32_WPAN/shci/shci.o: in function `SHCI_C2_FUS_GetState':
shci.c:(.text.SHCI_C2_FUS_GetState+0x0): multiple definition of `SHCI_C2_FUS_GetState'; ./Middlewares/STM32_WPAN/shci.o:shci.c:(.text.SHCI_C2_FUS_GetState+0x0): first defined here
c:\st\stm32cubeide_1.12.1\stm32cubeide\plugins\com.st.stm32cube.ide.mcu.externaltools.gnu-tools-for-stm32.10.3-2021.10.win32_1.0.200.202301161003\tools\arm-none-eabi\bin\ld.exe: ./Middlewares/STM32_WPAN/shci/shci.o: in function `SHCI_C2_FUS_FwUpgrade':
shci.c:(.text.SHCI_C2_FUS_FwUpgrade+0x0): multiple definition of `SHCI_C2_FUS_FwUpgrade'; ./Middlewares/STM32_WPAN/shci.o:shci.c:(.text.SHCI_C2_FUS_FwUpgrade+0x0): first defined here
c:\st\stm32cubeide_1.12.1\stm32cubeide\plugins\com.st.stm32cube.ide.mcu.externaltools.gnu-tools-for-stm32.10.3-2021.10.win32_1.0.200.202301161003\tools\arm-none-eabi\bin\ld.exe: ./Middlewares/STM32_WPAN/shci/shci.o: in function `SHCI_C2_FUS_FwDelete':
shci.c:(.text.SHCI_C2_FUS_FwDelete+0x0): multiple definition of `SHCI_C2_FUS_FwDelete'; ./Middlewares/STM32_WPAN/shci.o:shci.c:(.text.SHCI_C2_FUS_FwDelete+0x0): first defined here
c:\st\stm32cubeide_1.12.1\stm32cubeide\plugins\com.st.stm32cube.ide.mcu.externaltools.gnu-tools-for-stm32.10.3-2021.10.win32_1.0.200.202301161003\tools\arm-none-eabi\bin\ld.exe: ./Middlewares/STM32_WPAN/shci/shci.o: in function `SHCI_C2_FUS_UpdateAuthKey':
shci.c:(.text.SHCI_C2_FUS_UpdateAuthKey+0x0): multiple definition of `SHCI_C2_FUS_UpdateAuthKey'; ./Middlewares/STM32_WPAN/shci.o:shci.c:(.text.SHCI_C2_FUS_UpdateAuthKey+0x0): first defined here
c:\st\stm32cubeide_1.12.1\stm32cubeide\plugins\com.st.stm32cube.ide.mcu.externaltools.gnu-tools-for-stm32.10.3-2021.10.win32_1.0.200.202301161003\tools\arm-none-eabi\bin\ld.exe: ./Middlewares/STM32_WPAN/shci/shci.o: in function `SHCI_C2_FUS_LockAuthKey':
shci.c:(.text.SHCI_C2_FUS_LockAuthKey+0x0): multiple definition of `SHCI_C2_FUS_LockAuthKey'; ./Middlewares/STM32_WPAN/shci.o:shci.c:(.text.SHCI_C2_FUS_LockAuthKey+0x0): first defined here
c:\st\stm32cubeide_1.12.1\stm32cubeide\plugins\com.st.stm32cube.ide.mcu.externaltools.gnu-tools-for-stm32.10.3-2021.10.win32_1.0.200.202301161003\tools\arm-none-eabi\bin\ld.exe: ./Middlewares/STM32_WPAN/shci/shci.o: in function `SHCI_C2_FUS_StoreUsrKey':
shci.c:(.text.SHCI_C2_FUS_StoreUsrKey+0x0): multiple definition of `SHCI_C2_FUS_StoreUsrKey'; ./Middlewares/STM32_WPAN/shci.o:shci.c:(.text.SHCI_C2_FUS_StoreUsrKey+0x0): first defined here
c:\st\stm32cubeide_1.12.1\stm32cubeide\plugins\com.st.stm32cube.ide.mcu.externaltools.gnu-tools-for-stm32.10.3-2021.10.win32_1.0.200.202301161003\tools\arm-none-eabi\bin\ld.exe: ./Middlewares/STM32_WPAN/shci/shci.o: in function `SHCI_C2_FUS_LoadUsrKey':
shci.c:(.text.SHCI_C2_FUS_LoadUsrKey+0x0): multiple definition of `SHCI_C2_FUS_LoadUsrKey'; ./Middlewares/STM32_WPAN/shci.o:shci.c:(.text.SHCI_C2_FUS_LoadUsrKey+0x0): first defined here
c:\st\stm32cubeide_1.12.1\stm32cubeide\plugins\com.st.stm32cube.ide.mcu.externaltools.gnu-tools-for-stm32.10.3-2021.10.win32_1.0.200.202301161003\tools\arm-none-eabi\bin\ld.exe: ./Middlewares/STM32_WPAN/shci/shci.o: in function `SHCI_C2_FUS_StartWs':
shci.c:(.text.SHCI_C2_FUS_StartWs+0x0): multiple definition of `SHCI_C2_FUS_StartWs'; ./Middlewares/STM32_WPAN/shci.o:shci.c:(.text.SHCI_C2_FUS_StartWs+0x0): first defined here
c:\st\stm32cubeide_1.12.1\stm32cubeide\plugins\com.st.stm32cube.ide.mcu.externaltools.gnu-tools-for-stm32.10.3-2021.10.win32_1.0.200.202301161003\tools\arm-none-eabi\bin\ld.exe: ./Middlewares/STM32_WPAN/shci/shci.o: in function `SHCI_C2_FUS_LockUsrKey':
shci.c:(.text.SHCI_C2_FUS_LockUsrKey+0x0): multiple definition of `SHCI_C2_FUS_LockUsrKey'; ./Middlewares/STM32_WPAN/shci.o:shci.c:(.text.SHCI_C2_FUS_LockUsrKey+0x0): first defined here
c:\st\stm32cubeide_1.12.1\stm32cubeide\plugins\com.st.stm32cube.ide.mcu.externaltools.gnu-tools-for-stm32.10.3-2021.10.win32_1.0.200.202301161003\tools\arm-none-eabi\bin\ld.exe: ./Middlewares/STM32_WPAN/shci/shci.o: in function `SHCI_C2_FUS_UnloadUsrKey':
shci.c:(.text.SHCI_C2_FUS_UnloadUsrKey+0x0): multiple definition of `SHCI_C2_FUS_UnloadUsrKey'; ./Middlewares/STM32_WPAN/shci.o:shci.c:(.text.SHCI_C2_FUS_UnloadUsrKey+0x0): first defined here
c:\st\stm32cubeide_1.12.1\stm32cubeide\plugins\com.st.stm32cube.ide.mcu.externaltools.gnu-tools-for-stm32.10.3-2021.10.win32_1.0.200.202301161003\tools\arm-none-eabi\bin\ld.exe: ./Middlewares/STM32_WPAN/shci/shci.o: in function `SHCI_C2_FUS_ActivateAntiRollback':
shci.c:(.text.SHCI_C2_FUS_ActivateAntiRollback+0x0): multiple definition of `SHCI_C2_FUS_ActivateAntiRollback'; ./Middlewares/STM32_WPAN/shci.o:shci.c:(.text.SHCI_C2_FUS_ActivateAntiRollback+0x0): first defined here
c:\st\stm32cubeide_1.12.1\stm32cubeide\plugins\com.st.stm32cube.ide.mcu.externaltools.gnu-tools-for-stm32.10.3-2021.10.win32_1.0.200.202301161003\tools\arm-none-eabi\bin\ld.exe: ./Middlewares/STM32_WPAN/shci/shci.o: in function `SHCI_C2_BLE_Init':
shci.c:(.text.SHCI_C2_BLE_Init+0x0): multiple definition of `SHCI_C2_BLE_Init'; ./Middlewares/STM32_WPAN/shci.o:shci.c:(.text.SHCI_C2_BLE_Init+0x0): first defined here
c:\st\stm32cubeide_1.12.1\stm32cubeide\plugins\com.st.stm32cube.ide.mcu.externaltools.gnu-tools-for-stm32.10.3-2021.10.win32_1.0.200.202301161003\tools\arm-none-eabi\bin\ld.exe: ./Middlewares/STM32_WPAN/shci/shci.o: in function `SHCI_C2_THREAD_Init':
shci.c:(.text.SHCI_C2_THREAD_Init+0x0): multiple definition of `SHCI_C2_THREAD_Init'; ./Middlewares/STM32_WPAN/shci.o:shci.c:(.text.SHCI_C2_THREAD_Init+0x0): first defined here
c:\st\stm32cubeide_1.12.1\stm32cubeide\plugins\com.st.stm32cube.ide.mcu.externaltools.gnu-tools-for-stm32.10.3-2021.10.win32_1.0.200.202301161003\tools\arm-none-eabi\bin\ld.exe: ./Middlewares/STM32_WPAN/shci/shci.o: in function `SHCI_C2_LLDTESTS_Init':
shci.c:(.text.SHCI_C2_LLDTESTS_Init+0x0): multiple definition of `SHCI_C2_LLDTESTS_Init'; ./Middlewares/STM32_WPAN/shci.o:shci.c:(.text.SHCI_C2_LLDTESTS_Init+0x0): first defined here
c:\st\stm32cubeide_1.12.1\stm32cubeide\plugins\com.st.stm32cube.ide.mcu.externaltools.gnu-tools-for-stm32.10.3-2021.10.win32_1.0.200.202301161003\tools\arm-none-eabi\bin\ld.exe: ./Middlewares/STM32_WPAN/shci/shci.o: in function `SHCI_C2_BLE_LLD_Init':
shci.c:(.text.SHCI_C2_BLE_LLD_Init+0x0): multiple definition of `SHCI_C2_BLE_LLD_Init'; ./Middlewares/STM32_WPAN/shci.o:shci.c:(.text.SHCI_C2_BLE_LLD_Init+0x0): first defined here
c:\st\stm32cubeide_1.12.1\stm32cubeide\plugins\com.st.stm32cube.ide.mcu.externaltools.gnu-tools-for-stm32.10.3-2021.10.win32_1.0.200.202301161003\tools\arm-none-eabi\bin\ld.exe: ./Middlewares/STM32_WPAN/shci/shci.o: in function `SHCI_C2_ZIGBEE_Init':
shci.c:(.text.SHCI_C2_ZIGBEE_Init+0x0): multiple definition of `SHCI_C2_ZIGBEE_Init'; ./Middlewares/STM32_WPAN/shci.o:shci.c:(.text.SHCI_C2_ZIGBEE_Init+0x0): first defined here
c:\st\stm32cubeide_1.12.1\stm32cubeide\plugins\com.st.stm32cube.ide.mcu.externaltools.gnu-tools-for-stm32.10.3-2021.10.win32_1.0.200.202301161003\tools\arm-none-eabi\bin\ld.exe: ./Middlewares/STM32_WPAN/shci/shci.o: in function `SHCI_C2_DEBUG_Init':
shci.c:(.text.SHCI_C2_DEBUG_Init+0x0): multiple definition of `SHCI_C2_DEBUG_Init'; ./Middlewares/STM32_WPAN/shci.o:shci.c:(.text.SHCI_C2_DEBUG_Init+0x0): first defined here
c:\st\stm32cubeide_1.12.1\stm32cubeide\plugins\com.st.stm32cube.ide.mcu.externaltools.gnu-tools-for-stm32.10.3-2021.10.win32_1.0.200.202301161003\tools\arm-none-eabi\bin\ld.exe: ./Middlewares/STM32_WPAN/shci/shci.o: in function `SHCI_C2_FLASH_EraseActivity':
shci.c:(.text.SHCI_C2_FLASH_EraseActivity+0x0): multiple definition of `SHCI_C2_FLASH_EraseActivity'; ./Middlewares/STM32_WPAN/shci.o:shci.c:(.text.SHCI_C2_FLASH_EraseActivity+0x0): first defined here
c:\st\stm32cubeide_1.12.1\stm32cubeide\plugins\com.st.stm32cube.ide.mcu.externaltools.gnu-tools-for-stm32.10.3-2021.10.win32_1.0.200.202301161003\tools\arm-none-eabi\bin\ld.exe: ./Middlewares/STM32_WPAN/shci/shci.o: in function `SHCI_C2_CONCURRENT_SetMode':
shci.c:(.text.SHCI_C2_CONCURRENT_SetMode+0x0): multiple definition of `SHCI_C2_CONCURRENT_SetMode'; ./Middlewares/STM32_WPAN/shci.o:shci.c:(.text.SHCI_C2_CONCURRENT_SetMode+0x0): first defined here
c:\st\stm32cubeide_1.12.1\stm32cubeide\plugins\com.st.stm32cube.ide.mcu.externaltools.gnu-tools-for-stm32.10.3-2021.10.win32_1.0.200.202301161003\tools\arm-none-eabi\bin\ld.exe: ./Middlewares/STM32_WPAN/shci/shci.o: in function `SHCI_C2_CONCURRENT_GetNextBleEvtTime':
shci.c:(.text.SHCI_C2_CONCURRENT_GetNextBleEvtTime+0x0): multiple definition of `SHCI_C2_CONCURRENT_GetNextBleEvtTime'; ./Middlewares/STM32_WPAN/shci.o:shci.c:(.text.SHCI_C2_CONCURRENT_GetNextBleEvtTime+0x0): first defined here
c:\st\stm32cubeide_1.12.1\stm32cubeide\plugins\com.st.stm32cube.ide.mcu.externaltools.gnu-tools-for-stm32.10.3-2021.10.win32_1.0.200.202301161003\tools\arm-none-eabi\bin\ld.exe: ./Middlewares/STM32_WPAN/shci/shci.o: in function `SHCI_C2_CONCURRENT_EnableNext_802154_EvtNotification':
shci.c:(.text.SHCI_C2_CONCURRENT_EnableNext_802154_EvtNotification+0x0): multiple definition of `SHCI_C2_CONCURRENT_EnableNext_802154_EvtNotification'; ./Middlewares/STM32_WPAN/shci.o:shci.c:(.text.SHCI_C2_CONCURRENT_EnableNext_802154_EvtNotification+0x0): first defined here
c:\st\stm32cubeide_1.12.1\stm32cubeide\plugins\com.st.stm32cube.ide.mcu.externaltools.gnu-tools-for-stm32.10.3-2021.10.win32_1.0.200.202301161003\tools\arm-none-eabi\bin\ld.exe: ./Middlewares/STM32_WPAN/shci/shci.o: in function `SHCI_C2_FLASH_StoreData':
shci.c:(.text.SHCI_C2_FLASH_StoreData+0x0): multiple definition of `SHCI_C2_FLASH_StoreData'; ./Middlewares/STM32_WPAN/shci.o:shci.c:(.text.SHCI_C2_FLASH_StoreData+0x0): first defined here
c:\st\stm32cubeide_1.12.1\stm32cubeide\plugins\com.st.stm32cube.ide.mcu.externaltools.gnu-tools-for-stm32.10.3-2021.10.win32_1.0.200.202301161003\tools\arm-none-eabi\bin\ld.exe: ./Middlewares/STM32_WPAN/shci/shci.o: in function `SHCI_C2_FLASH_EraseData':
shci.c:(.text.SHCI_C2_FLASH_EraseData+0x0): multiple definition of `SHCI_C2_FLASH_EraseData'; ./Middlewares/STM32_WPAN/shci.o:shci.c:(.text.SHCI_C2_FLASH_EraseData+0x0): first defined here
c:\st\stm32cubeide_1.12.1\stm32cubeide\plugins\com.st.stm32cube.ide.mcu.externaltools.gnu-tools-for-stm32.10.3-2021.10.win32_1.0.200.202301161003\tools\arm-none-eabi\bin\ld.exe: ./Middlewares/STM32_WPAN/shci/shci.o: in function `SHCI_C2_RADIO_AllowLowPower':
shci.c:(.text.SHCI_C2_RADIO_AllowLowPower+0x0): multiple definition of `SHCI_C2_RADIO_AllowLowPower'; ./Middlewares/STM32_WPAN/shci.o:shci.c:(.text.SHCI_C2_RADIO_AllowLowPower+0x0): first defined here
c:\st\stm32cubeide_1.12.1\stm32cubeide\plugins\com.st.stm32cube.ide.mcu.externaltools.gnu-tools-for-stm32.10.3-2021.10.win32_1.0.200.202301161003\tools\arm-none-eabi\bin\ld.exe: ./Middlewares/STM32_WPAN/shci/shci.o: in function `SHCI_C2_MAC_802_15_4_Init':
shci.c:(.text.SHCI_C2_MAC_802_15_4_Init+0x0): multiple definition of `SHCI_C2_MAC_802_15_4_Init'; ./Middlewares/STM32_WPAN/shci.o:shci.c:(.text.SHCI_C2_MAC_802_15_4_Init+0x0): first defined here
c:\st\stm32cubeide_1.12.1\stm32cubeide\plugins\com.st.stm32cube.ide.mcu.externaltools.gnu-tools-for-stm32.10.3-2021.10.win32_1.0.200.202301161003\tools\arm-none-eabi\bin\ld.exe: ./Middlewares/STM32_WPAN/shci/shci.o: in function `SHCI_C2_Reinit':
shci.c:(.text.SHCI_C2_Reinit+0x0): multiple definition of `SHCI_C2_Reinit'; ./Middlewares/STM32_WPAN/shci.o:shci.c:(.text.SHCI_C2_Reinit+0x0): first defined here
c:\st\stm32cubeide_1.12.1\stm32cubeide\plugins\com.st.stm32cube.ide.mcu.externaltools.gnu-tools-for-stm32.10.3-2021.10.win32_1.0.200.202301161003\tools\arm-none-eabi\bin\ld.exe: ./Middlewares/STM32_WPAN/shci/shci.o: in function `SHCI_C2_ExtpaConfig':
shci.c:(.text.SHCI_C2_ExtpaConfig+0x0): multiple definition of `SHCI_C2_ExtpaConfig'; ./Middlewares/STM32_WPAN/shci.o:shci.c:(.text.SHCI_C2_ExtpaConfig+0x0): first defined here
c:\st\stm32cubeide_1.12.1\stm32cubeide\plugins\com.st.stm32cube.ide.mcu.externaltools.gnu-tools-for-stm32.10.3-2021.10.win32_1.0.200.202301161003\tools\arm-none-eabi\bin\ld.exe: ./Middlewares/STM32_WPAN/shci/shci.o: in function `SHCI_C2_SetFlashActivityControl':
shci.c:(.text.SHCI_C2_SetFlashActivityControl+0x0): multiple definition of `SHCI_C2_SetFlashActivityControl'; ./Middlewares/STM32_WPAN/shci.o:shci.c:(.text.SHCI_C2_SetFlashActivityControl+0x0): first defined here
c:\st\stm32cubeide_1.12.1\stm32cubeide\plugins\com.st.stm32cube.ide.mcu.externaltools.gnu-tools-for-stm32.10.3-2021.10.win32_1.0.200.202301161003\tools\arm-none-eabi\bin\ld.exe: ./Middlewares/STM32_WPAN/shci/shci.o: in function `SHCI_C2_Config':
shci.c:(.text.SHCI_C2_Config+0x0): multiple definition of `SHCI_C2_Config'; ./Middlewares/STM32_WPAN/shci.o:shci.c:(.text.SHCI_C2_Config+0x0): first defined here
c:\st\stm32cubeide_1.12.1\stm32cubeide\plugins\com.st.stm32cube.ide.mcu.externaltools.gnu-tools-for-stm32.10.3-2021.10.win32_1.0.200.202301161003\tools\arm-none-eabi\bin\ld.exe: ./Middlewares/STM32_WPAN/shci/shci.o: in function `SHCI_C2_802_15_4_DeInit':
shci.c:(.text.SHCI_C2_802_15_4_DeInit+0x0): multiple definition of `SHCI_C2_802_15_4_DeInit'; ./Middlewares/STM32_WPAN/shci.o:shci.c:(.text.SHCI_C2_802_15_4_DeInit+0x0): first defined here
c:\st\stm32cubeide_1.12.1\stm32cubeide\plugins\com.st.stm32cube.ide.mcu.externaltools.gnu-tools-for-stm32.10.3-2021.10.win32_1.0.200.202301161003\tools\arm-none-eabi\bin\ld.exe: ./Middlewares/STM32_WPAN/shci/shci.o: in function `SHCI_GetWirelessFwInfo':
shci.c:(.text.SHCI_GetWirelessFwInfo+0x0): multiple definition of `SHCI_GetWirelessFwInfo'; ./Middlewares/STM32_WPAN/shci.o:shci.c:(.text.SHCI_GetWirelessFwInfo+0x0): first defined here
c:\st\stm32cubeide_1.12.1\stm32cubeide\plugins\com.st.stm32cube.ide.mcu.externaltools.gnu-tools-for-stm32.10.3-2021.10.win32_1.0.200.202301161003\tools\arm-none-eabi\bin\ld.exe: ./Middlewares/STM32_WPAN/tl/hci_tl.o: in function `hci_init':
hci_tl.c:(.text.hci_init+0x0): multiple definition of `hci_init'; ./Middlewares/STM32_WPAN/hci_tl.o:hci_tl.c:(.text.hci_init+0x0): first defined here
c:\st\stm32cubeide_1.12.1\stm32cubeide\plugins\com.st.stm32cube.ide.mcu.externaltools.gnu-tools-for-stm32.10.3-2021.10.win32_1.0.200.202301161003\tools\arm-none-eabi\bin\ld.exe: ./Middlewares/STM32_WPAN/tl/hci_tl.o: in function `hci_user_evt_proc':
hci_tl.c:(.text.hci_user_evt_proc+0x0): multiple definition of `hci_user_evt_proc'; ./Middlewares/STM32_WPAN/hci_tl.o:hci_tl.c:(.text.hci_user_evt_proc+0x0): first defined here
c:\st\stm32cubeide_1.12.1\stm32cubeide\plugins\com.st.stm32cube.ide.mcu.externaltools.gnu-tools-for-stm32.10.3-2021.10.win32_1.0.200.202301161003\tools\arm-none-eabi\bin\ld.exe: ./Middlewares/STM32_WPAN/tl/hci_tl.o: in function `hci_resume_flow':
hci_tl.c:(.text.hci_resume_flow+0x0): multiple definition of `hci_resume_flow'; ./Middlewares/STM32_WPAN/hci_tl.o:hci_tl.c:(.text.hci_resume_flow+0x0): first defined here
c:\st\stm32cubeide_1.12.1\stm32cubeide\plugins\com.st.stm32cube.ide.mcu.externaltools.gnu-tools-for-stm32.10.3-2021.10.win32_1.0.200.202301161003\tools\arm-none-eabi\bin\ld.exe: ./Middlewares/STM32_WPAN/tl/hci_tl.o: in function `hci_send_req':
hci_tl.c:(.text.hci_send_req+0x0): multiple definition of `hci_send_req'; ./Middlewares/STM32_WPAN/hci_tl.o:hci_tl.c:(.text.hci_send_req+0x0): first defined here
c:\st\stm32cubeide_1.12.1\stm32cubeide\plugins\com.st.stm32cube.ide.mcu.externaltools.gnu-tools-for-stm32.10.3-2021.10.win32_1.0.200.202301161003\tools\arm-none-eabi\bin\ld.exe: ./Middlewares/STM32_WPAN/tl/hci_tl.o:(BLE_DRIVER_CONTEXT+0xc): multiple definition of `UserEventFlow'; ./Middlewares/STM32_WPAN/hci_tl.o:(BLE_DRIVER_CONTEXT+0xc): first defined here
c:\st\stm32cubeide_1.12.1\stm32cubeide\plugins\com.st.stm32cube.ide.mcu.externaltools.gnu-tools-for-stm32.10.3-2021.10.win32_1.0.200.202301161003\tools\arm-none-eabi\bin\ld.exe: ./Middlewares/STM32_WPAN/tl/hci_tl_if.o: in function `hci_register_io_bus':
hci_tl_if.c:(.text.hci_register_io_bus+0x0): multiple definition of `hci_register_io_bus'; ./Middlewares/STM32_WPAN/hci_tl_if.o:hci_tl_if.c:(.text.hci_register_io_bus+0x0): first defined here
c:\st\stm32cubeide_1.12.1\stm32cubeide\plugins\com.st.stm32cube.ide.mcu.externaltools.gnu-tools-for-stm32.10.3-2021.10.win32_1.0.200.202301161003\tools\arm-none-eabi\bin\ld.exe: ./Middlewares/STM32_WPAN/tl/shci_tl.o: in function `shci_init':
shci_tl.c:(.text.shci_init+0x0): multiple definition of `shci_init'; ./Middlewares/STM32_WPAN/shci_tl.o:shci_tl.c:(.text.shci_init+0x0): first defined here
c:\st\stm32cubeide_1.12.1\stm32cubeide\plugins\com.st.stm32cube.ide.mcu.externaltools.gnu-tools-for-stm32.10.3-2021.10.win32_1.0.200.202301161003\tools\arm-none-eabi\bin\ld.exe: ./Middlewares/STM32_WPAN/tl/shci_tl.o: in function `shci_user_evt_proc':
shci_tl.c:(.text.shci_user_evt_proc+0x0): multiple definition of `shci_user_evt_proc'; ./Middlewares/STM32_WPAN/shci_tl.o:shci_tl.c:(.text.shci_user_evt_proc+0x0): first defined here
c:\st\stm32cubeide_1.12.1\stm32cubeide\plugins\com.st.stm32cube.ide.mcu.externaltools.gnu-tools-for-stm32.10.3-2021.10.win32_1.0.200.202301161003\tools\arm-none-eabi\bin\ld.exe: ./Middlewares/STM32_WPAN/tl/shci_tl.o: in function `shci_resume_flow':
shci_tl.c:(.text.shci_resume_flow+0x0): multiple definition of `shci_resume_flow'; ./Middlewares/STM32_WPAN/shci_tl.o:shci_tl.c:(.text.shci_resume_flow+0x0): first defined here
c:\st\stm32cubeide_1.12.1\stm32cubeide\plugins\com.st.stm32cube.ide.mcu.externaltools.gnu-tools-for-stm32.10.3-2021.10.win32_1.0.200.202301161003\tools\arm-none-eabi\bin\ld.exe: ./Middlewares/STM32_WPAN/tl/shci_tl.o: in function `shci_send':
shci_tl.c:(.text.shci_send+0x0): multiple definition of `shci_send'; ./Middlewares/STM32_WPAN/shci_tl.o:shci_tl.c:(.text.shci_send+0x0): first defined here
c:\st\stm32cubeide_1.12.1\stm32cubeide\plugins\com.st.stm32cube.ide.mcu.externaltools.gnu-tools-for-stm32.10.3-2021.10.win32_1.0.200.202301161003\tools\arm-none-eabi\bin\ld.exe: ./Middlewares/STM32_WPAN/tl/shci_tl.o:(SYSTEM_DRIVER_CONTEXT+0x10): multiple definition of `SHCI_TL_UserEventFlow'; ./Middlewares/STM32_WPAN/shci_tl.o:(SYSTEM_DRIVER_CONTEXT+0x10): first defined here
c:\st\stm32cubeide_1.12.1\stm32cubeide\plugins\com.st.stm32cube.ide.mcu.externaltools.gnu-tools-for-stm32.10.3-2021.10.win32_1.0.200.202301161003\tools\arm-none-eabi\bin\ld.exe: ./Middlewares/STM32_WPAN/tl/shci_tl_if.o: in function `shci_register_io_bus':
shci_tl_if.c:(.text.shci_register_io_bus+0x0): multiple definition of `shci_register_io_bus'; ./Middlewares/STM32_WPAN/shci_tl_if.o:shci_tl_if.c:(.text.shci_register_io_bus+0x0): first defined here
c:\st\stm32cubeide_1.12.1\stm32cubeide\plugins\com.st.stm32cube.ide.mcu.externaltools.gnu-tools-for-stm32.10.3-2021.10.win32_1.0.200.202301161003\tools\arm-none-eabi\bin\ld.exe: ./Middlewares/STM32_WPAN/tl/tl_mbox.o: in function `TL_Enable':
tl_mbox.c:(.text.TL_Enable+0x0): multiple definition of `TL_Enable'; ./Middlewares/STM32_WPAN/tl_mbox.o:tl_mbox.c:(.text.TL_Enable+0x0): first defined here
c:\st\stm32cubeide_1.12.1\stm32cubeide\plugins\com.st.stm32cube.ide.mcu.externaltools.gnu-tools-for-stm32.10.3-2021.10.win32_1.0.200.202301161003\tools\arm-none-eabi\bin\ld.exe: ./Middlewares/STM32_WPAN/tl/tl_mbox.o: in function `TL_Init':
tl_mbox.c:(.text.TL_Init+0x0): multiple definition of `TL_Init'; ./Middlewares/STM32_WPAN/tl_mbox.o:tl_mbox.c:(.text.TL_Init+0x0): first defined here
c:\st\stm32cubeide_1.12.1\stm32cubeide\plugins\com.st.stm32cube.ide.mcu.externaltools.gnu-tools-for-stm32.10.3-2021.10.win32_1.0.200.202301161003\tools\arm-none-eabi\bin\ld.exe: ./Middlewares/STM32_WPAN/tl/tl_mbox.o: in function `TL_BLE_Init':
tl_mbox.c:(.text.TL_BLE_Init+0x0): multiple definition of `TL_BLE_Init'; ./Middlewares/STM32_WPAN/tl_mbox.o:tl_mbox.c:(.text.TL_BLE_Init+0x0): first defined here
c:\st\stm32cubeide_1.12.1\stm32cubeide\plugins\com.st.stm32cube.ide.mcu.externaltools.gnu-tools-for-stm32.10.3-2021.10.win32_1.0.200.202301161003\tools\arm-none-eabi\bin\ld.exe: ./Middlewares/STM32_WPAN/tl/tl_mbox.o: in function `TL_BLE_SendCmd':
tl_mbox.c:(.text.TL_BLE_SendCmd+0x0): multiple definition of `TL_BLE_SendCmd'; ./Middlewares/STM32_WPAN/tl_mbox.o:tl_mbox.c:(.text.TL_BLE_SendCmd+0x0): first defined here
c:\st\stm32cubeide_1.12.1\stm32cubeide\plugins\com.st.stm32cube.ide.mcu.externaltools.gnu-tools-for-stm32.10.3-2021.10.win32_1.0.200.202301161003\tools\arm-none-eabi\bin\ld.exe: ./Middlewares/STM32_WPAN/tl/tl_mbox.o: in function `HW_IPCC_BLE_RxEvtNot':
tl_mbox.c:(.text.HW_IPCC_BLE_RxEvtNot+0x0): multiple definition of `HW_IPCC_BLE_RxEvtNot'; ./Middlewares/STM32_WPAN/tl_mbox.o:tl_mbox.c:(.text.HW_IPCC_BLE_RxEvtNot+0x0): first defined here
c:\st\stm32cubeide_1.12.1\stm32cubeide\plugins\com.st.stm32cube.ide.mcu.externaltools.gnu-tools-for-stm32.10.3-2021.10.win32_1.0.200.202301161003\tools\arm-none-eabi\bin\ld.exe: ./Middlewares/STM32_WPAN/tl/tl_mbox.o: in function `TL_BLE_SendAclData':
tl_mbox.c:(.text.TL_BLE_SendAclData+0x0): multiple definition of `TL_BLE_SendAclData'; ./Middlewares/STM32_WPAN/tl_mbox.o:tl_mbox.c:(.text.TL_BLE_SendAclData+0x0): first defined here
c:\st\stm32cubeide_1.12.1\stm32cubeide\plugins\com.st.stm32cube.ide.mcu.externaltools.gnu-tools-for-stm32.10.3-2021.10.win32_1.0.200.202301161003\tools\arm-none-eabi\bin\ld.exe: ./Middlewares/STM32_WPAN/tl/tl_mbox.o: in function `HW_IPCC_BLE_AclDataAckNot':
tl_mbox.c:(.text.HW_IPCC_BLE_AclDataAckNot+0x0): multiple definition of `HW_IPCC_BLE_AclDataAckNot'; ./Middlewares/STM32_WPAN/tl_mbox.o:tl_mbox.c:(.text.HW_IPCC_BLE_AclDataAckNot+0x0): first defined here
c:\st\stm32cubeide_1.12.1\stm32cubeide\plugins\com.st.stm32cube.ide.mcu.externaltools.gnu-tools-for-stm32.10.3-2021.10.win32_1.0.200.202301161003\tools\arm-none-eabi\bin\ld.exe: ./Middlewares/STM32_WPAN/tl/tl_mbox.o: in function `TL_SYS_Init':
tl_mbox.c:(.text.TL_SYS_Init+0x0): multiple definition of `TL_SYS_Init'; ./Middlewares/STM32_WPAN/tl_mbox.o:tl_mbox.c:(.text.TL_SYS_Init+0x0): first defined here
c:\st\stm32cubeide_1.12.1\stm32cubeide\plugins\com.st.stm32cube.ide.mcu.externaltools.gnu-tools-for-stm32.10.3-2021.10.win32_1.0.200.202301161003\tools\arm-none-eabi\bin\ld.exe: ./Middlewares/STM32_WPAN/tl/tl_mbox.o: in function `TL_SYS_SendCmd':
tl_mbox.c:(.text.TL_SYS_SendCmd+0x0): multiple definition of `TL_SYS_SendCmd'; ./Middlewares/STM32_WPAN/tl_mbox.o:tl_mbox.c:(.text.TL_SYS_SendCmd+0x0): first defined here
c:\st\stm32cubeide_1.12.1\stm32cubeide\plugins\com.st.stm32cube.ide.mcu.externaltools.gnu-tools-for-stm32.10.3-2021.10.win32_1.0.200.202301161003\tools\arm-none-eabi\bin\ld.exe: ./Middlewares/STM32_WPAN/tl/tl_mbox.o: in function `HW_IPCC_SYS_CmdEvtNot':
tl_mbox.c:(.text.HW_IPCC_SYS_CmdEvtNot+0x0): multiple definition of `HW_IPCC_SYS_CmdEvtNot'; ./Middlewares/STM32_WPAN/tl_mbox.o:tl_mbox.c:(.text.HW_IPCC_SYS_CmdEvtNot+0x0): first defined here
c:\st\stm32cubeide_1.12.1\stm32cubeide\plugins\com.st.stm32cube.ide.mcu.externaltools.gnu-tools-for-stm32.10.3-2021.10.win32_1.0.200.202301161003\tools\arm-none-eabi\bin\ld.exe: ./Middlewares/STM32_WPAN/tl/tl_mbox.o: in function `HW_IPCC_SYS_EvtNot':
tl_mbox.c:(.text.HW_IPCC_SYS_EvtNot+0x0): multiple definition of `HW_IPCC_SYS_EvtNot'; ./Middlewares/STM32_WPAN/tl_mbox.o:tl_mbox.c:(.text.HW_IPCC_SYS_EvtNot+0x0): first defined here
c:\st\stm32cubeide_1.12.1\stm32cubeide\plugins\com.st.stm32cube.ide.mcu.externaltools.gnu-tools-for-stm32.10.3-2021.10.win32_1.0.200.202301161003\tools\arm-none-eabi\bin\ld.exe: ./Middlewares/STM32_WPAN/tl/tl_mbox.o: in function `TL_MM_Init':
tl_mbox.c:(.text.TL_MM_Init+0x0): multiple definition of `TL_MM_Init'; ./Middlewares/STM32_WPAN/tl_mbox.o:tl_mbox.c:(.text.TL_MM_Init+0x0): first defined here
c:\st\stm32cubeide_1.12.1\stm32cubeide\plugins\com.st.stm32cube.ide.mcu.externaltools.gnu-tools-for-stm32.10.3-2021.10.win32_1.0.200.202301161003\tools\arm-none-eabi\bin\ld.exe: ./Middlewares/STM32_WPAN/tl/tl_mbox.o: in function `TL_MM_EvtDone':
tl_mbox.c:(.text.TL_MM_EvtDone+0x0): multiple definition of `TL_MM_EvtDone'; ./Middlewares/STM32_WPAN/tl_mbox.o:tl_mbox.c:(.text.TL_MM_EvtDone+0x0): first defined here
c:\st\stm32cubeide_1.12.1\stm32cubeide\plugins\com.st.stm32cube.ide.mcu.externaltools.gnu-tools-for-stm32.10.3-2021.10.win32_1.0.200.202301161003\tools\arm-none-eabi\bin\ld.exe: ./Middlewares/STM32_WPAN/tl/tl_mbox.o: in function `TL_TRACES_Init':
tl_mbox.c:(.text.TL_TRACES_Init+0x0): multiple definition of `TL_TRACES_Init'; ./Middlewares/STM32_WPAN/tl_mbox.o:tl_mbox.c:(.text.TL_TRACES_Init+0x0): first defined here
c:\st\stm32cubeide_1.12.1\stm32cubeide\plugins\com.st.stm32cube.ide.mcu.externaltools.gnu-tools-for-stm32.10.3-2021.10.win32_1.0.200.202301161003\tools\arm-none-eabi\bin\ld.exe: ./Middlewares/STM32_WPAN/tl/tl_mbox.o: in function `HW_IPCC_TRACES_EvtNot':
tl_mbox.c:(.text.HW_IPCC_TRACES_EvtNot+0x0): multiple definition of `HW_IPCC_TRACES_EvtNot'; ./Middlewares/STM32_WPAN/tl_mbox.o:tl_mbox.c:(.text.HW_IPCC_TRACES_EvtNot+0x0): first defined here
c:\st\stm32cubeide_1.12.1\stm32cubeide\plugins\com.st.stm32cube.ide.mcu.externaltools.gnu-tools-for-stm32.10.3-2021.10.win32_1.0.200.202301161003\tools\arm-none-eabi\bin\ld.exe: ./Application/User/Core/app_debug.o: in function `APPD_Init':
app_debug.c:(.text.APPD_Init+0xc): undefined reference to `HAL_DBGMCU_EnableDBGSleepMode'
c:\st\stm32cubeide_1.12.1\stm32cubeide\plugins\com.st.stm32cube.ide.mcu.externaltools.gnu-tools-for-stm32.10.3-2021.10.win32_1.0.200.202301161003\tools\arm-none-eabi\bin\ld.exe: app_debug.c:(.text.APPD_Init+0x10): undefined reference to `HAL_DBGMCU_EnableDBGStopMode'
c:\st\stm32cubeide_1.12.1\stm32cubeide\plugins\com.st.stm32cube.ide.mcu.externaltools.gnu-tools-for-stm32.10.3-2021.10.win32_1.0.200.202301161003\tools\arm-none-eabi\bin\ld.exe: app_debug.c:(.text.APPD_Init+0x7e): undefined reference to `HAL_GPIO_Init'
c:\st\stm32cubeide_1.12.1\stm32cubeide\plugins\com.st.stm32cube.ide.mcu.externaltools.gnu-tools-for-stm32.10.3-2021.10.win32_1.0.200.202301161003\tools\arm-none-eabi\bin\ld.exe: app_debug.c:(.text.APPD_Init+0x8a): undefined reference to `HAL_GPIO_WritePin'
c:\st\stm32cubeide_1.12.1\stm32cubeide\plugins\com.st.stm32cube.ide.mcu.externaltools.gnu-tools-for-stm32.10.3-2021.10.win32_1.0.200.202301161003\tools\arm-none-eabi\bin\ld.exe: app_debug.c:(.text.APPD_Init+0xa2): undefined reference to `HAL_GPIO_Init'
c:\st\stm32cubeide_1.12.1\stm32cubeide\plugins\com.st.stm32cube.ide.mcu.externaltools.gnu-tools-for-stm32.10.3-2021.10.win32_1.0.200.202301161003\tools\arm-none-eabi\bin\ld.exe: app_debug.c:(.text.APPD_Init+0xac): undefined reference to `HAL_GPIO_WritePin'
c:\st\stm32cubeide_1.12.1\stm32cubeide\plugins\com.st.stm32cube.ide.mcu.externaltools.gnu-tools-for-stm32.10.3-2021.10.win32_1.0.200.202301161003\tools\arm-none-eabi\bin\ld.exe: app_debug.c:(.text.APPD_Init+0xc4): undefined reference to `HAL_GPIO_Init'
c:\st\stm32cubeide_1.12.1\stm32cubeide\plugins\com.st.stm32cube.ide.mcu.externaltools.gnu-tools-for-stm32.10.3-2021.10.win32_1.0.200.202301161003\tools\arm-none-eabi\bin\ld.exe: app_debug.c:(.text.APPD_Init+0xce): undefined reference to `HAL_GPIO_WritePin'
c:\st\stm32cubeide_1.12.1\stm32cubeide\plugins\com.st.stm32cube.ide.mcu.externaltools.gnu-tools-for-stm32.10.3-2021.10.win32_1.0.200.202301161003\tools\arm-none-eabi\bin\ld.exe: ./Application/User/Core/app_entry.o: in function `RxCpltCallback':
app_entry.c:(.text.RxCpltCallback+0x32): undefined reference to `HAL_EXTI_GenerateSWI'
c:\st\stm32cubeide_1.12.1\stm32cubeide\plugins\com.st.stm32cube.ide.mcu.externaltools.gnu-tools-for-stm32.10.3-2021.10.win32_1.0.200.202301161003\tools\arm-none-eabi\bin\ld.exe: ./Application/User/Core/app_entry.o: in function `MX_APPE_Config':
app_entry.c:(.text.MX_APPE_Config+0x1e): undefined reference to `HAL_PWR_EnableBkUpAccess'
c:\st\stm32cubeide_1.12.1\stm32cubeide\plugins\com.st.stm32cube.ide.mcu.externaltools.gnu-tools-for-stm32.10.3-2021.10.win32_1.0.200.202301161003\tools\arm-none-eabi\bin\ld.exe: app_entry.c:(.text.MX_APPE_Config+0x22): undefined reference to `HAL_PWR_EnableBkUpAccess'
c:\st\stm32cubeide_1.12.1\stm32cubeide\plugins\com.st.stm32cube.ide.mcu.externaltools.gnu-tools-for-stm32.10.3-2021.10.win32_1.0.200.202301161003\tools\arm-none-eabi\bin\ld.exe: ./Application/User/Core/app_entry.o: in function `LED_Deinit':
app_entry.c:(.text.LED_Deinit+0x28): undefined reference to `HAL_GPIO_Init'
c:\st\stm32cubeide_1.12.1\stm32cubeide\plugins\com.st.stm32cube.ide.mcu.externaltools.gnu-tools-for-stm32.10.3-2021.10.win32_1.0.200.202301161003\tools\arm-none-eabi\bin\ld.exe: ./Application/User/Core/app_entry.o: in function `HAL_Delay':
app_entry.c:(.text.HAL_Delay+0x4): undefined reference to `HAL_GetTick'
c:\st\stm32cubeide_1.12.1\stm32cubeide\plugins\com.st.stm32cube.ide.mcu.externaltools.gnu-tools-for-stm32.10.3-2021.10.win32_1.0.200.202301161003\tools\arm-none-eabi\bin\ld.exe: app_entry.c:(.text.HAL_Delay+0xe): undefined reference to `HAL_GetTickFreq'
c:\st\stm32cubeide_1.12.1\stm32cubeide\plugins\com.st.stm32cube.ide.mcu.externaltools.gnu-tools-for-stm32.10.3-2021.10.win32_1.0.200.202301161003\tools\arm-none-eabi\bin\ld.exe: app_entry.c:(.text.HAL_Delay+0x22): undefined reference to `HAL_GetTick'
c:\st\stm32cubeide_1.12.1\stm32cubeide\plugins\com.st.stm32cube.ide.mcu.externaltools.gnu-tools-for-stm32.10.3-2021.10.win32_1.0.200.202301161003\tools\arm-none-eabi\bin\ld.exe: ./Application/User/Core/hw_timerserver.o: in function `RescheduleTimerList':
hw_timerserver.c:(.text.RescheduleTimerList+0xc6): undefined reference to `HAL_NVIC_ClearPendingIRQ'
c:\st\stm32cubeide_1.12.1\stm32cubeide\plugins\com.st.stm32cube.ide.mcu.externaltools.gnu-tools-for-stm32.10.3-2021.10.win32_1.0.200.202301161003\tools\arm-none-eabi\bin\ld.exe: hw_timerserver.c:(.text.RescheduleTimerList+0x96): undefined reference to `HAL_NVIC_SetPendingIRQ'
c:\st\stm32cubeide_1.12.1\stm32cubeide\plugins\com.st.stm32cube.ide.mcu.externaltools.gnu-tools-for-stm32.10.3-2021.10.win32_1.0.200.202301161003\tools\arm-none-eabi\bin\ld.exe: ./Application/User/Core/hw_timerserver.o: in function `HW_TS_Init':
hw_timerserver.c:(.text.HW_TS_Init+0xcc): undefined reference to `HAL_NVIC_ClearPendingIRQ'
c:\st\stm32cubeide_1.12.1\stm32cubeide\plugins\com.st.stm32cube.ide.mcu.externaltools.gnu-tools-for-stm32.10.3-2021.10.win32_1.0.200.202301161003\tools\arm-none-eabi\bin\ld.exe: hw_timerserver.c:(.text.HW_TS_Init+0xe6): undefined reference to `HAL_NVIC_SetPriority'
c:\st\stm32cubeide_1.12.1\stm32cubeide\plugins\com.st.stm32cube.ide.mcu.externaltools.gnu-tools-for-stm32.10.3-2021.10.win32_1.0.200.202301161003\tools\arm-none-eabi\bin\ld.exe: hw_timerserver.c:(.text.HW_TS_Init+0xfc): undefined reference to `HAL_NVIC_SetPendingIRQ'
c:\st\stm32cubeide_1.12.1\stm32cubeide\plugins\com.st.stm32cube.ide.mcu.externaltools.gnu-tools-for-stm32.10.3-2021.10.win32_1.0.200.202301161003\tools\arm-none-eabi\bin\ld.exe: hw_timerserver.c:(.text.HW_TS_Init+0xf0): undefined reference to `HAL_NVIC_EnableIRQ'
c:\st\stm32cubeide_1.12.1\stm32cubeide\plugins\com.st.stm32cube.ide.mcu.externaltools.gnu-tools-for-stm32.10.3-2021.10.win32_1.0.200.202301161003\tools\arm-none-eabi\bin\ld.exe: ./Application/User/Core/hw_timerserver.o: in function `HW_TS_Stop':
hw_timerserver.c:(.text.HW_TS_Stop+0xe): undefined reference to `HAL_NVIC_DisableIRQ'
c:\st\stm32cubeide_1.12.1\stm32cubeide\plugins\com.st.stm32cube.ide.mcu.externaltools.gnu-tools-for-stm32.10.3-2021.10.win32_1.0.200.202301161003\tools\arm-none-eabi\bin\ld.exe: hw_timerserver.c:(.text.HW_TS_Stop+0x72): undefined reference to `HAL_NVIC_ClearPendingIRQ'
c:\st\stm32cubeide_1.12.1\stm32cubeide\plugins\com.st.stm32cube.ide.mcu.externaltools.gnu-tools-for-stm32.10.3-2021.10.win32_1.0.200.202301161003\tools\arm-none-eabi\bin\ld.exe: hw_timerserver.c:(.text.HW_TS_Stop+0x7e): undefined reference to `HAL_NVIC_EnableIRQ'
c:\st\stm32cubeide_1.12.1\stm32cubeide\plugins\com.st.stm32cube.ide.mcu.externaltools.gnu-tools-for-stm32.10.3-2021.10.win32_1.0.200.202301161003\tools\arm-none-eabi\bin\ld.exe: ./Application/User/Core/hw_timerserver.o: in function `HW_TS_Start':
hw_timerserver.c:(.text.HW_TS_Start+0x26): undefined reference to `HAL_NVIC_DisableIRQ'
c:\st\stm32cubeide_1.12.1\stm32cubeide\plugins\com.st.stm32cube.ide.mcu.externaltools.gnu-tools-for-stm32.10.3-2021.10.win32_1.0.200.202301161003\tools\arm-none-eabi\bin\ld.exe: hw_timerserver.c:(.text.HW_TS_Start+0x86): undefined reference to `HAL_NVIC_EnableIRQ'
c:\st\stm32cubeide_1.12.1\stm32cubeide\plugins\com.st.stm32cube.ide.mcu.externaltools.gnu-tools-for-stm32.10.3-2021.10.win32_1.0.200.202301161003\tools\arm-none-eabi\bin\ld.exe: ./Application/User/Core/hw_uart.o: in function `HW_UART_Receive_IT':
hw_uart.c:(.text.HW_UART_Receive_IT+0xc): undefined reference to `HAL_UART_Receive_IT'
c:\st\stm32cubeide_1.12.1\stm32cubeide\plugins\com.st.stm32cube.ide.mcu.externaltools.gnu-tools-for-stm32.10.3-2021.10.win32_1.0.200.202301161003\tools\arm-none-eabi\bin\ld.exe: ./Application/User/Core/hw_uart.o: in function `HW_UART_Transmit_DMA':
hw_uart.c:(.text.HW_UART_Transmit_DMA+0xe): undefined reference to `HAL_UART_Transmit_DMA'
c:\st\stm32cubeide_1.12.1\stm32cubeide\plugins\com.st.stm32cube.ide.mcu.externaltools.gnu-tools-for-stm32.10.3-2021.10.win32_1.0.200.202301161003\tools\arm-none-eabi\bin\ld.exe: ./Application/User/Core/main.o: in function `Read_ADC_Voltage':
main.c:(.text.Read_ADC_Voltage+0x6): undefined reference to `HAL_ADC_Start'
c:\st\stm32cubeide_1.12.1\stm32cubeide\plugins\com.st.stm32cube.ide.mcu.externaltools.gnu-tools-for-stm32.10.3-2021.10.win32_1.0.200.202301161003\tools\arm-none-eabi\bin\ld.exe: main.c:(.text.Read_ADC_Voltage+0xe): undefined reference to `HAL_ADC_PollForConversion'
c:\st\stm32cubeide_1.12.1\stm32cubeide\plugins\com.st.stm32cube.ide.mcu.externaltools.gnu-tools-for-stm32.10.3-2021.10.win32_1.0.200.202301161003\tools\arm-none-eabi\bin\ld.exe: main.c:(.text.Read_ADC_Voltage+0x14): undefined reference to `HAL_ADC_GetValue'
c:\st\stm32cubeide_1.12.1\stm32cubeide\plugins\com.st.stm32cube.ide.mcu.externaltools.gnu-tools-for-stm32.10.3-2021.10.win32_1.0.200.202301161003\tools\arm-none-eabi\bin\ld.exe: main.c:(.text.Read_ADC_Voltage+0x1c): undefined reference to `HAL_ADC_Stop'
c:\st\stm32cubeide_1.12.1\stm32cubeide\plugins\com.st.stm32cube.ide.mcu.externaltools.gnu-tools-for-stm32.10.3-2021.10.win32_1.0.200.202301161003\tools\arm-none-eabi\bin\ld.exe: ./Application/User/Core/main.o: in function `SystemClock_Config':
main.c:(.text.SystemClock_Config+0x18): undefined reference to `HAL_PWR_EnableBkUpAccess'
c:\st\stm32cubeide_1.12.1\stm32cubeide\plugins\com.st.stm32cube.ide.mcu.externaltools.gnu-tools-for-stm32.10.3-2021.10.win32_1.0.200.202301161003\tools\arm-none-eabi\bin\ld.exe: main.c:(.text.SystemClock_Config+0x8a): undefined reference to `HAL_RCC_OscConfig'
c:\st\stm32cubeide_1.12.1\stm32cubeide\plugins\com.st.stm32cube.ide.mcu.externaltools.gnu-tools-for-stm32.10.3-2021.10.win32_1.0.200.202301161003\tools\arm-none-eabi\bin\ld.exe: main.c:(.text.SystemClock_Config+0xaa): undefined reference to `HAL_RCC_ClockConfig'
c:\st\stm32cubeide_1.12.1\stm32cubeide\plugins\com.st.stm32cube.ide.mcu.externaltools.gnu-tools-for-stm32.10.3-2021.10.win32_1.0.200.202301161003\tools\arm-none-eabi\bin\ld.exe: ./Application/User/Core/main.o: in function `PeriphCommonClock_Config':
main.c:(.text.PeriphCommonClock_Config+0x20): undefined reference to `HAL_RCCEx_PeriphCLKConfig'
c:\st\stm32cubeide_1.12.1\stm32cubeide\plugins\com.st.stm32cube.ide.mcu.externaltools.gnu-tools-for-stm32.10.3-2021.10.win32_1.0.200.202301161003\tools\arm-none-eabi\bin\ld.exe: ./Application/User/Core/main.o: in function `main':
main.c:(.text.startup.main+0x6): undefined reference to `HAL_Init'
c:\st\stm32cubeide_1.12.1\stm32cubeide\plugins\com.st.stm32cube.ide.mcu.externaltools.gnu-tools-for-stm32.10.3-2021.10.win32_1.0.200.202301161003\tools\arm-none-eabi\bin\ld.exe: main.c:(.text.startup.main+0x1c): undefined reference to `HAL_IPCC_Init'
c:\st\stm32cubeide_1.12.1\stm32cubeide\plugins\com.st.stm32cube.ide.mcu.externaltools.gnu-tools-for-stm32.10.3-2021.10.win32_1.0.200.202301161003\tools\arm-none-eabi\bin\ld.exe: main.c:(.text.startup.main+0x5c): undefined reference to `HAL_GPIO_WritePin'
c:\st\stm32cubeide_1.12.1\stm32cubeide\plugins\com.st.stm32cube.ide.mcu.externaltools.gnu-tools-for-stm32.10.3-2021.10.win32_1.0.200.202301161003\tools\arm-none-eabi\bin\ld.exe: main.c:(.text.startup.main+0x68): undefined reference to `HAL_GPIO_WritePin'
c:\st\stm32cubeide_1.12.1\stm32cubeide\plugins\com.st.stm32cube.ide.mcu.externaltools.gnu-tools-for-stm32.10.3-2021.10.win32_1.0.200.202301161003\tools\arm-none-eabi\bin\ld.exe: main.c:(.text.startup.main+0x74): undefined reference to `HAL_GPIO_WritePin'
c:\st\stm32cubeide_1.12.1\stm32cubeide\plugins\com.st.stm32cube.ide.mcu.externaltools.gnu-tools-for-stm32.10.3-2021.10.win32_1.0.200.202301161003\tools\arm-none-eabi\bin\ld.exe: main.c:(.text.startup.main+0x7e): undefined reference to `HAL_GPIO_WritePin'
c:\st\stm32cubeide_1.12.1\stm32cubeide\plugins\com.st.stm32cube.ide.mcu.externaltools.gnu-tools-for-stm32.10.3-2021.10.win32_1.0.200.202301161003\tools\arm-none-eabi\bin\ld.exe: main.c:(.text.startup.main+0x98): undefined reference to `HAL_GPIO_Init'
c:\st\stm32cubeide_1.12.1\stm32cubeide\plugins\com.st.stm32cube.ide.mcu.externaltools.gnu-tools-for-stm32.10.3-2021.10.win32_1.0.200.202301161003\tools\arm-none-eabi\bin\ld.exe: main.c:(.text.startup.main+0xb2): undefined reference to `HAL_GPIO_Init'
c:\st\stm32cubeide_1.12.1\stm32cubeide\plugins\com.st.stm32cube.ide.mcu.externaltools.gnu-tools-for-stm32.10.3-2021.10.win32_1.0.200.202301161003\tools\arm-none-eabi\bin\ld.exe: main.c:(.text.startup.main+0xca): undefined reference to `HAL_GPIO_Init'
c:\st\stm32cubeide_1.12.1\stm32cubeide\plugins\com.st.stm32cube.ide.mcu.externaltools.gnu-tools-for-stm32.10.3-2021.10.win32_1.0.200.202301161003\tools\arm-none-eabi\bin\ld.exe: main.c:(.text.startup.main+0xe8): undefined reference to `HAL_GPIO_Init'
c:\st\stm32cubeide_1.12.1\stm32cubeide\plugins\com.st.stm32cube.ide.mcu.externaltools.gnu-tools-for-stm32.10.3-2021.10.win32_1.0.200.202301161003\tools\arm-none-eabi\bin\ld.exe: main.c:(.text.startup.main+0x100): undefined reference to `HAL_GPIO_Init'
c:\st\stm32cubeide_1.12.1\stm32cubeide\plugins\com.st.stm32cube.ide.mcu.externaltools.gnu-tools-for-stm32.10.3-2021.10.win32_1.0.200.202301161003\tools\arm-none-eabi\bin\ld.exe: ./Application/User/Core/main.o:main.c:(.text.startup.main+0x11a): more undefined references to `HAL_GPIO_Init' follow
c:\st\stm32cubeide_1.12.1\stm32cubeide\plugins\com.st.stm32cube.ide.mcu.externaltools.gnu-tools-for-stm32.10.3-2021.10.win32_1.0.200.202301161003\tools\arm-none-eabi\bin\ld.exe: ./Application/User/Core/main.o: in function `main':
main.c:(.text.startup.main+0x298): undefined reference to `HAL_NVIC_SetPriority'
c:\st\stm32cubeide_1.12.1\stm32cubeide\plugins\com.st.stm32cube.ide.mcu.externaltools.gnu-tools-for-stm32.10.3-2021.10.win32_1.0.200.202301161003\tools\arm-none-eabi\bin\ld.exe: main.c:(.text.startup.main+0x29e): undefined reference to `HAL_NVIC_EnableIRQ'
c:\st\stm32cubeide_1.12.1\stm32cubeide\plugins\com.st.stm32cube.ide.mcu.externaltools.gnu-tools-for-stm32.10.3-2021.10.win32_1.0.200.202301161003\tools\arm-none-eabi\bin\ld.exe: main.c:(.text.startup.main+0x2be): undefined reference to `HAL_RTC_Init'
c:\st\stm32cubeide_1.12.1\stm32cubeide\plugins\com.st.stm32cube.ide.mcu.externaltools.gnu-tools-for-stm32.10.3-2021.10.win32_1.0.200.202301161003\tools\arm-none-eabi\bin\ld.exe: main.c:(.text.startup.main+0x2ec): undefined reference to `HAL_I2C_Init'
c:\st\stm32cubeide_1.12.1\stm32cubeide\plugins\com.st.stm32cube.ide.mcu.externaltools.gnu-tools-for-stm32.10.3-2021.10.win32_1.0.200.202301161003\tools\arm-none-eabi\bin\ld.exe: main.c:(.text.startup.main+0x2fa): undefined reference to `HAL_I2CEx_ConfigAnalogFilter'
c:\st\stm32cubeide_1.12.1\stm32cubeide\plugins\com.st.stm32cube.ide.mcu.externaltools.gnu-tools-for-stm32.10.3-2021.10.win32_1.0.200.202301161003\tools\arm-none-eabi\bin\ld.exe: main.c:(.text.startup.main+0x308): undefined reference to `HAL_I2CEx_ConfigDigitalFilter'
c:\st\stm32cubeide_1.12.1\stm32cubeide\plugins\com.st.stm32cube.ide.mcu.externaltools.gnu-tools-for-stm32.10.3-2021.10.win32_1.0.200.202301161003\tools\arm-none-eabi\bin\ld.exe: main.c:(.text.startup.main+0x362): undefined reference to `HAL_UART_Init'
c:\st\stm32cubeide_1.12.1\stm32cubeide\plugins\com.st.stm32cube.ide.mcu.externaltools.gnu-tools-for-stm32.10.3-2021.10.win32_1.0.200.202301161003\tools\arm-none-eabi\bin\ld.exe: main.c:(.text.startup.main+0x370): undefined reference to `HAL_UARTEx_SetTxFifoThreshold'
c:\st\stm32cubeide_1.12.1\stm32cubeide\plugins\com.st.stm32cube.ide.mcu.externaltools.gnu-tools-for-stm32.10.3-2021.10.win32_1.0.200.202301161003\tools\arm-none-eabi\bin\ld.exe: main.c:(.text.startup.main+0x37e): undefined reference to `HAL_UARTEx_SetRxFifoThreshold'
c:\st\stm32cubeide_1.12.1\stm32cubeide\plugins\com.st.stm32cube.ide.mcu.externaltools.gnu-tools-for-stm32.10.3-2021.10.win32_1.0.200.202301161003\tools\arm-none-eabi\bin\ld.exe: main.c:(.text.startup.main+0x38a): undefined reference to `HAL_UARTEx_DisableFifoMode'
c:\st\stm32cubeide_1.12.1\stm32cubeide\plugins\com.st.stm32cube.ide.mcu.externaltools.gnu-tools-for-stm32.10.3-2021.10.win32_1.0.200.202301161003\tools\arm-none-eabi\bin\ld.exe: main.c:(.text.startup.main+0x3c6): undefined reference to `HAL_ADC_Init'
c:\st\stm32cubeide_1.12.1\stm32cubeide\plugins\com.st.stm32cube.ide.mcu.externaltools.gnu-tools-for-stm32.10.3-2021.10.win32_1.0.200.202301161003\tools\arm-none-eabi\bin\ld.exe: main.c:(.text.startup.main+0x3ea): undefined reference to `HAL_ADC_ConfigChannel'
c:\st\stm32cubeide_1.12.1\stm32cubeide\plugins\com.st.stm32cube.ide.mcu.externaltools.gnu-tools-for-stm32.10.3-2021.10.win32_1.0.200.202301161003\tools\arm-none-eabi\bin\ld.exe: main.c:(.text.startup.main+0x3f8): undefined reference to `HAL_ADCEx_Calibration_Start'
c:\st\stm32cubeide_1.12.1\stm32cubeide\plugins\com.st.stm32cube.ide.mcu.externaltools.gnu-tools-for-stm32.10.3-2021.10.win32_1.0.200.202301161003\tools\arm-none-eabi\bin\ld.exe: ./Application/User/Core/main.o: in function `MX_USART1_UART_Init':
main.c:(.text.MX_USART1_UART_Init+0x2a): undefined reference to `HAL_UART_Init'
c:\st\stm32cubeide_1.12.1\stm32cubeide\plugins\com.st.stm32cube.ide.mcu.externaltools.gnu-tools-for-stm32.10.3-2021.10.win32_1.0.200.202301161003\tools\arm-none-eabi\bin\ld.exe: main.c:(.text.MX_USART1_UART_Init+0x38): undefined reference to `HAL_UARTEx_SetTxFifoThreshold'
c:\st\stm32cubeide_1.12.1\stm32cubeide\plugins\com.st.stm32cube.ide.mcu.externaltools.gnu-tools-for-stm32.10.3-2021.10.win32_1.0.200.202301161003\tools\arm-none-eabi\bin\ld.exe: main.c:(.text.MX_USART1_UART_Init+0x46): undefined reference to `HAL_UARTEx_SetRxFifoThreshold'
c:\st\stm32cubeide_1.12.1\stm32cubeide\plugins\com.st.stm32cube.ide.mcu.externaltools.gnu-tools-for-stm32.10.3-2021.10.win32_1.0.200.202301161003\tools\arm-none-eabi\bin\ld.exe: main.c:(.text.MX_USART1_UART_Init+0x52): undefined reference to `HAL_UARTEx_DisableFifoMode'
c:\st\stm32cubeide_1.12.1\stm32cubeide\plugins\com.st.stm32cube.ide.mcu.externaltools.gnu-tools-for-stm32.10.3-2021.10.win32_1.0.200.202301161003\tools\arm-none-eabi\bin\ld.exe: ./Application/User/Core/stm32wbxx_it.o: in function `SysTick_Handler':
stm32wbxx_it.c:(.text.SysTick_Handler+0x0): undefined reference to `HAL_IncTick'
c:\st\stm32cubeide_1.12.1\stm32cubeide\plugins\com.st.stm32cube.ide.mcu.externaltools.gnu-tools-for-stm32.10.3-2021.10.win32_1.0.200.202301161003\tools\arm-none-eabi\bin\ld.exe: ./Application/User/Core/stm32wbxx_it.o: in function `USART1_IRQHandler':
stm32wbxx_it.c:(.text.USART1_IRQHandler+0x2): undefined reference to `HAL_UART_IRQHandler'
c:\st\stm32cubeide_1.12.1\stm32cubeide\plugins\com.st.stm32cube.ide.mcu.externaltools.gnu-tools-for-stm32.10.3-2021.10.win32_1.0.200.202301161003\tools\arm-none-eabi\bin\ld.exe: ./Application/User/Core/stm32wbxx_it.o: in function `HSEM_IRQHandler':
stm32wbxx_it.c:(.text.HSEM_IRQHandler+0x0): undefined reference to `HAL_HSEM_IRQHandler'
c:\st\stm32cubeide_1.12.1\stm32cubeide\plugins\com.st.stm32cube.ide.mcu.externaltools.gnu-tools-for-stm32.10.3-2021.10.win32_1.0.200.202301161003\tools\arm-none-eabi\bin\ld.exe: ./Application/User/Core/stm32wbxx_it.o: in function `DMA2_Channel4_IRQHandler':
stm32wbxx_it.c:(.text.DMA2_Channel4_IRQHandler+0x2): undefined reference to `HAL_DMA_IRQHandler'
c:\st\stm32cubeide_1.12.1\stm32cubeide\plugins\com.st.stm32cube.ide.mcu.externaltools.gnu-tools-for-stm32.10.3-2021.10.win32_1.0.200.202301161003\tools\arm-none-eabi\bin\ld.exe: ./Application/User/Core/stm32wbxx_it.o: in function `EXTI15_10_IRQHandler':
stm32wbxx_it.c:(.text.EXTI15_10_IRQHandler+0x6): undefined reference to `HAL_GPIO_EXTI_IRQHandler'
c:\st\stm32cubeide_1.12.1\stm32cubeide\plugins\com.st.stm32cube.ide.mcu.externaltools.gnu-tools-for-stm32.10.3-2021.10.win32_1.0.200.202301161003\tools\arm-none-eabi\bin\ld.exe: stm32wbxx_it.c:(.text.EXTI15_10_IRQHandler+0x12): undefined reference to `HAL_GPIO_EXTI_IRQHandler'
c:\st\stm32cubeide_1.12.1\stm32cubeide\plugins\com.st.stm32cube.ide.mcu.externaltools.gnu-tools-for-stm32.10.3-2021.10.win32_1.0.200.202301161003\tools\arm-none-eabi\bin\ld.exe: ./Application/User/STM32_WPAN/App/env_server_app.o: in function `ENV_Update':
env_server_app.c:(.text.ENV_Update+0x70): undefined reference to `HAL_GetTick'
c:\st\stm32cubeide_1.12.1\stm32cubeide\plugins\com.st.stm32cube.ide.mcu.externaltools.gnu-tools-for-stm32.10.3-2021.10.win32_1.0.200.202301161003\tools\arm-none-eabi\bin\ld.exe: env_server_app.c:(.text.ENV_Update+0x7a): undefined reference to `HAL_GetTick'
c:\st\stm32cubeide_1.12.1\stm32cubeide\plugins\com.st.stm32cube.ide.mcu.externaltools.gnu-tools-for-stm32.10.3-2021.10.win32_1.0.200.202301161003\tools\arm-none-eabi\bin\ld.exe: ./Application/User/STM32_WPAN/App/motion_server_app.o: in function `MOTION_Send_Notification_Task':
motion_server_app.c:(.text.MOTION_Send_Notification_Task+0x136): undefined reference to `HAL_GetTick'
c:\st\stm32cubeide_1.12.1\stm32cubeide\plugins\com.st.stm32cube.ide.mcu.externaltools.gnu-tools-for-stm32.10.3-2021.10.win32_1.0.200.202301161003\tools\arm-none-eabi\bin\ld.exe: motion_server_app.c:(.text.MOTION_Send_Notification_Task+0x140): undefined reference to `HAL_GetTick'
c:\st\stm32cubeide_1.12.1\stm32cubeide\plugins\com.st.stm32cube.ide.mcu.externaltools.gnu-tools-for-stm32.10.3-2021.10.win32_1.0.200.202301161003\tools\arm-none-eabi\bin\ld.exe: ./Application/User/STM32_WPAN/Target/hw_ipcc.o: in function `HW_IPCC_Init':
hw_ipcc.c:(.text.HW_IPCC_Init+0x2c): undefined reference to `HAL_NVIC_EnableIRQ'
c:\st\stm32cubeide_1.12.1\stm32cubeide\plugins\com.st.stm32cube.ide.mcu.externaltools.gnu-tools-for-stm32.10.3-2021.10.win32_1.0.200.202301161003\tools\arm-none-eabi\bin\ld.exe: hw_ipcc.c:(.text.HW_IPCC_Init+0x38): undefined reference to `HAL_NVIC_EnableIRQ'
c:\st\stm32cubeide_1.12.1\stm32cubeide\plugins\com.st.stm32cube.ide.mcu.externaltools.gnu-tools-for-stm32.10.3-2021.10.win32_1.0.200.202301161003\tools\arm-none-eabi\bin\ld.exe: ./Drivers/BSP/STM32WB5MM-DK/stm32wb5mm_dk.o: in function `PWM_LED_SendBit':
stm32wb5mm_dk.c:(.text.PWM_LED_SendBit+0xc): undefined reference to `HAL_GPIO_WritePin'
c:\st\stm32cubeide_1.12.1\stm32cubeide\plugins\com.st.stm32cube.ide.mcu.externaltools.gnu-tools-for-stm32.10.3-2021.10.win32_1.0.200.202301161003\tools\arm-none-eabi\bin\ld.exe: stm32wb5mm_dk.c:(.text.PWM_LED_SendBit+0x1e): undefined reference to `HAL_GPIO_WritePin'
c:\st\stm32cubeide_1.12.1\stm32cubeide\plugins\com.st.stm32cube.ide.mcu.externaltools.gnu-tools-for-stm32.10.3-2021.10.win32_1.0.200.202301161003\tools\arm-none-eabi\bin\ld.exe: stm32wb5mm_dk.c:(.text.PWM_LED_SendBit+0x32): undefined reference to `HAL_GPIO_WritePin'
c:\st\stm32cubeide_1.12.1\stm32cubeide\plugins\com.st.stm32cube.ide.mcu.externaltools.gnu-tools-for-stm32.10.3-2021.10.win32_1.0.200.202301161003\tools\arm-none-eabi\bin\ld.exe: stm32wb5mm_dk.c:(.text.PWM_LED_SendBit+0x44): undefined reference to `HAL_GPIO_WritePin'
c:\st\stm32cubeide_1.12.1\stm32cubeide\plugins\com.st.stm32cube.ide.mcu.externaltools.gnu-tools-for-stm32.10.3-2021.10.win32_1.0.200.202301161003\tools\arm-none-eabi\bin\ld.exe: ./Drivers/BSP/STM32WB5MM-DK/stm32wb5mm_dk.o: in function `PWM_LED_WriteData':
stm32wb5mm_dk.c:(.text.PWM_LED_WriteData+0x14): undefined reference to `HAL_TIM_Base_Start'
c:\st\stm32cubeide_1.12.1\stm32cubeide\plugins\com.st.stm32cube.ide.mcu.externaltools.gnu-tools-for-stm32.10.3-2021.10.win32_1.0.200.202301161003\tools\arm-none-eabi\bin\ld.exe: stm32wb5mm_dk.c:(.text.PWM_LED_WriteData+0x24): undefined reference to `HAL_GPIO_WritePin'
c:\st\stm32cubeide_1.12.1\stm32cubeide\plugins\com.st.stm32cube.ide.mcu.externaltools.gnu-tools-for-stm32.10.3-2021.10.win32_1.0.200.202301161003\tools\arm-none-eabi\bin\ld.exe: stm32wb5mm_dk.c:(.text.PWM_LED_WriteData+0x30): undefined reference to `HAL_GPIO_WritePin'
c:\st\stm32cubeide_1.12.1\stm32cubeide\plugins\com.st.stm32cube.ide.mcu.externaltools.gnu-tools-for-stm32.10.3-2021.10.win32_1.0.200.202301161003\tools\arm-none-eabi\bin\ld.exe: stm32wb5mm_dk.c:(.text.PWM_LED_WriteData+0x42): undefined reference to `HAL_GPIO_WritePin'
c:\st\stm32cubeide_1.12.1\stm32cubeide\plugins\com.st.stm32cube.ide.mcu.externaltools.gnu-tools-for-stm32.10.3-2021.10.win32_1.0.200.202301161003\tools\arm-none-eabi\bin\ld.exe: stm32wb5mm_dk.c:(.text.PWM_LED_WriteData+0x6c): undefined reference to `HAL_GPIO_WritePin'
c:\st\stm32cubeide_1.12.1\stm32cubeide\plugins\com.st.stm32cube.ide.mcu.externaltools.gnu-tools-for-stm32.10.3-2021.10.win32_1.0.200.202301161003\tools\arm-none-eabi\bin\ld.exe: stm32wb5mm_dk.c:(.text.PWM_LED_WriteData+0x72): undefined reference to `HAL_TIM_Base_Stop'
c:\st\stm32cubeide_1.12.1\stm32cubeide\plugins\com.st.stm32cube.ide.mcu.externaltools.gnu-tools-for-stm32.10.3-2021.10.win32_1.0.200.202301161003\tools\arm-none-eabi\bin\ld.exe: ./Drivers/BSP/STM32WB5MM-DK/stm32wb5mm_dk.o: in function `BSP_PWM_LED_Init':
stm32wb5mm_dk.c:(.text.BSP_PWM_LED_Init+0x26): undefined reference to `HAL_GPIO_Init'
c:\st\stm32cubeide_1.12.1\stm32cubeide\plugins\com.st.stm32cube.ide.mcu.externaltools.gnu-tools-for-stm32.10.3-2021.10.win32_1.0.200.202301161003\tools\arm-none-eabi\bin\ld.exe: stm32wb5mm_dk.c:(.text.BSP_PWM_LED_Init+0x32): undefined reference to `HAL_GPIO_WritePin'
c:\st\stm32cubeide_1.12.1\stm32cubeide\plugins\com.st.stm32cube.ide.mcu.externaltools.gnu-tools-for-stm32.10.3-2021.10.win32_1.0.200.202301161003\tools\arm-none-eabi\bin\ld.exe: stm32wb5mm_dk.c:(.text.BSP_PWM_LED_Init+0x46): undefined reference to `HAL_GPIO_Init'
c:\st\stm32cubeide_1.12.1\stm32cubeide\plugins\com.st.stm32cube.ide.mcu.externaltools.gnu-tools-for-stm32.10.3-2021.10.win32_1.0.200.202301161003\tools\arm-none-eabi\bin\ld.exe: stm32wb5mm_dk.c:(.text.BSP_PWM_LED_Init+0x52): undefined reference to `HAL_GPIO_WritePin'
c:\st\stm32cubeide_1.12.1\stm32cubeide\plugins\com.st.stm32cube.ide.mcu.externaltools.gnu-tools-for-stm32.10.3-2021.10.win32_1.0.200.202301161003\tools\arm-none-eabi\bin\ld.exe: stm32wb5mm_dk.c:(.text.BSP_PWM_LED_Init+0x76): undefined reference to `HAL_NVIC_SetPriority'
c:\st\stm32cubeide_1.12.1\stm32cubeide\plugins\com.st.stm32cube.ide.mcu.externaltools.gnu-tools-for-stm32.10.3-2021.10.win32_1.0.200.202301161003\tools\arm-none-eabi\bin\ld.exe: stm32wb5mm_dk.c:(.text.BSP_PWM_LED_Init+0x7c): undefined reference to `HAL_NVIC_EnableIRQ'
c:\st\stm32cubeide_1.12.1\stm32cubeide\plugins\com.st.stm32cube.ide.mcu.externaltools.gnu-tools-for-stm32.10.3-2021.10.win32_1.0.200.202301161003\tools\arm-none-eabi\bin\ld.exe: stm32wb5mm_dk.c:(.text.BSP_PWM_LED_Init+0x80): undefined reference to `HAL_RCC_GetPCLK2Freq'
c:\st\stm32cubeide_1.12.1\stm32cubeide\plugins\com.st.stm32cube.ide.mcu.externaltools.gnu-tools-for-stm32.10.3-2021.10.win32_1.0.200.202301161003\tools\arm-none-eabi\bin\ld.exe: stm32wb5mm_dk.c:(.text.BSP_PWM_LED_Init+0x94): undefined reference to `HAL_TIM_Base_Init'
c:\st\stm32cubeide_1.12.1\stm32cubeide\plugins\com.st.stm32cube.ide.mcu.externaltools.gnu-tools-for-stm32.10.3-2021.10.win32_1.0.200.202301161003\tools\arm-none-eabi\bin\ld.exe: ./Drivers/BSP/STM32WB5MM-DK/stm32wb5mm_dk.o: in function `BSP_PWM_LED_DeInit':
stm32wb5mm_dk.c:(.text.BSP_PWM_LED_DeInit+0x8): undefined reference to `HAL_GPIO_DeInit'
c:\st\stm32cubeide_1.12.1\stm32cubeide\plugins\com.st.stm32cube.ide.mcu.externaltools.gnu-tools-for-stm32.10.3-2021.10.win32_1.0.200.202301161003\tools\arm-none-eabi\bin\ld.exe: stm32wb5mm_dk.c:(.text.BSP_PWM_LED_DeInit+0x12): undefined reference to `HAL_GPIO_DeInit'
c:\st\stm32cubeide_1.12.1\stm32cubeide\plugins\com.st.stm32cube.ide.mcu.externaltools.gnu-tools-for-stm32.10.3-2021.10.win32_1.0.200.202301161003\tools\arm-none-eabi\bin\ld.exe: stm32wb5mm_dk.c:(.text.BSP_PWM_LED_DeInit+0x22): undefined reference to `HAL_TIM_PWM_DeInit'
c:\st\stm32cubeide_1.12.1\stm32cubeide\plugins\com.st.stm32cube.ide.mcu.externaltools.gnu-tools-for-stm32.10.3-2021.10.win32_1.0.200.202301161003\tools\arm-none-eabi\bin\ld.exe: stm32wb5mm_dk.c:(.text.BSP_PWM_LED_DeInit+0x3a): undefined reference to `HAL_NVIC_DisableIRQ'
c:\st\stm32cubeide_1.12.1\stm32cubeide\plugins\com.st.stm32cube.ide.mcu.externaltools.gnu-tools-for-stm32.10.3-2021.10.win32_1.0.200.202301161003\tools\arm-none-eabi\bin\ld.exe: ./Drivers/BSP/STM32WB5MM-DK/stm32wb5mm_dk.o: in function `BSP_PB_Init':
stm32wb5mm_dk.c:(.text.BSP_PB_Init+0x38): undefined reference to `HAL_GPIO_Init'
c:\st\stm32cubeide_1.12.1\stm32cubeide\plugins\com.st.stm32cube.ide.mcu.externaltools.gnu-tools-for-stm32.10.3-2021.10.win32_1.0.200.202301161003\tools\arm-none-eabi\bin\ld.exe: stm32wb5mm_dk.c:(.text.BSP_PB_Init+0x4c): undefined reference to `HAL_GPIO_Init'
c:\st\stm32cubeide_1.12.1\stm32cubeide\plugins\com.st.stm32cube.ide.mcu.externaltools.gnu-tools-for-stm32.10.3-2021.10.win32_1.0.200.202301161003\tools\arm-none-eabi\bin\ld.exe: stm32wb5mm_dk.c:(.text.BSP_PB_Init+0x5c): undefined reference to `HAL_EXTI_GetHandle'
c:\st\stm32cubeide_1.12.1\stm32cubeide\plugins\com.st.stm32cube.ide.mcu.externaltools.gnu-tools-for-stm32.10.3-2021.10.win32_1.0.200.202301161003\tools\arm-none-eabi\bin\ld.exe: stm32wb5mm_dk.c:(.text.BSP_PB_Init+0x6a): undefined reference to `HAL_EXTI_RegisterCallback'
c:\st\stm32cubeide_1.12.1\stm32cubeide\plugins\com.st.stm32cube.ide.mcu.externaltools.gnu-tools-for-stm32.10.3-2021.10.win32_1.0.200.202301161003\tools\arm-none-eabi\bin\ld.exe: stm32wb5mm_dk.c:(.text.BSP_PB_Init+0x7c): undefined reference to `HAL_NVIC_SetPriority'
c:\st\stm32cubeide_1.12.1\stm32cubeide\plugins\com.st.stm32cube.ide.mcu.externaltools.gnu-tools-for-stm32.10.3-2021.10.win32_1.0.200.202301161003\tools\arm-none-eabi\bin\ld.exe: stm32wb5mm_dk.c:(.text.BSP_PB_Init+0x82): undefined reference to `HAL_NVIC_EnableIRQ'
c:\st\stm32cubeide_1.12.1\stm32cubeide\plugins\com.st.stm32cube.ide.mcu.externaltools.gnu-tools-for-stm32.10.3-2021.10.win32_1.0.200.202301161003\tools\arm-none-eabi\bin\ld.exe: ./Drivers/BSP/STM32WB5MM-DK/stm32wb5mm_dk_bus.o: in function `I2C1_WriteReg.part.0':
stm32wb5mm_dk_bus.c:(.text.I2C1_WriteReg.part.0+0x4): undefined reference to `HAL_I2C_GetError'
c:\st\stm32cubeide_1.12.1\stm32cubeide\plugins\com.st.stm32cube.ide.mcu.externaltools.gnu-tools-for-stm32.10.3-2021.10.win32_1.0.200.202301161003\tools\arm-none-eabi\bin\ld.exe: ./Drivers/BSP/STM32WB5MM-DK/stm32wb5mm_dk_bus.o: in function `BSP_I2C1_WriteReg':
stm32wb5mm_dk_bus.c:(.text.BSP_I2C1_WriteReg+0x14): undefined reference to `HAL_I2C_Mem_Write'
c:\st\stm32cubeide_1.12.1\stm32cubeide\plugins\com.st.stm32cube.ide.mcu.externaltools.gnu-tools-for-stm32.10.3-2021.10.win32_1.0.200.202301161003\tools\arm-none-eabi\bin\ld.exe: ./Drivers/BSP/STM32WB5MM-DK/stm32wb5mm_dk_bus.o: in function `BSP_I2C1_ReadReg':
stm32wb5mm_dk_bus.c:(.text.BSP_I2C1_ReadReg+0x14): undefined reference to `HAL_I2C_Mem_Read'
c:\st\stm32cubeide_1.12.1\stm32cubeide\plugins\com.st.stm32cube.ide.mcu.externaltools.gnu-tools-for-stm32.10.3-2021.10.win32_1.0.200.202301161003\tools\arm-none-eabi\bin\ld.exe: ./Drivers/BSP/STM32WB5MM-DK/stm32wb5mm_dk_bus.o: in function `BSP_GetTick':
stm32wb5mm_dk_bus.c:(.text.BSP_GetTick+0x0): undefined reference to `HAL_GetTick'
collect2.exe: error: ld returned 1 exit status
make: *** [makefile:77: BLE_Sensor.elf] Error 1
"make -j16 all" terminated with exit code 2. Build might be incomplete.

13:59:28 Build Failed. 294 errors, 0 warnings. (took 1s.716ms)

